<?xml version="1.0" encoding="UTF-8"?>
<!-- Generated by org.testng.reporters.JUnitXMLReporter -->
<testsuite ignored="0" hostname="THE_RAIN" failures="0" tests="3" name="Test" time="481.309" errors="0" timestamp="2021-08-07T12:23:23 IST">
  <testcase classname="com.testCase.LoginTestCase" name="login" time="52.079"/>
  <testcase classname="com.testCase.AdminTestCase" name="login" time="71.733"/>
  <testcase classname="com.testCase.AdminTestCase" name="adminClick" time="14.585"/>
</testsuite> <!-- Test -->
