<?xml version="1.0" encoding="UTF-8"?>
<testng-results ignored="0" total="3" passed="3" failed="0" skipped="0">
  <reporter-output>
  </reporter-output>
  <suite started-at="2021-08-05T15:18:33Z" name="Suite" finished-at="2021-08-05T15:19:45Z" duration-ms="71493">
    <groups>
    </groups>
    <test started-at="2021-08-05T15:18:33Z" name="Test" finished-at="2021-08-05T15:19:45Z" duration-ms="71493">
      <class name="com.testCase.LoginTestCase">
        <test-method signature="login()[pri:0, instance:com.testCase.LoginTestCase@3f49e266]" started-at="2021-08-05T15:19:24Z" name="login" finished-at="2021-08-05T15:19:33Z" duration-ms="9430" status="PASS">
          <reporter-output>
          </reporter-output>
        </test-method> <!-- login -->
        <test-method is-config="true" signature="close()[pri:0, instance:com.testCase.LoginTestCase@3f49e266]" started-at="2021-08-05T15:19:34Z" name="close" finished-at="2021-08-05T15:19:35Z" duration-ms="1108" status="PASS">
          <reporter-output>
          </reporter-output>
        </test-method> <!-- close -->
      </class> <!-- com.testCase.LoginTestCase -->
      <class name="com.testCase.AdminTestCase">
        <test-method is-config="true" signature="startup()[pri:0, instance:com.testCase.AdminTestCase@65ec8b24]" started-at="2021-08-05T15:18:33Z" name="startup" finished-at="2021-08-05T15:18:57Z" duration-ms="23961" status="PASS">
          <reporter-output>
          </reporter-output>
        </test-method> <!-- startup -->
        <test-method is-config="true" signature="stratUp()[pri:0, instance:com.testCase.LoginTestCase@3f49e266]" started-at="2021-08-05T15:18:57Z" name="stratUp" finished-at="2021-08-05T15:19:24Z" duration-ms="26547" status="PASS">
          <reporter-output>
          </reporter-output>
        </test-method> <!-- stratUp -->
        <test-method signature="login()[pri:1, instance:com.testCase.AdminTestCase@65ec8b24]" started-at="2021-08-05T15:19:35Z" name="login" finished-at="2021-08-05T15:19:41Z" duration-ms="6681" status="PASS">
          <reporter-output>
          </reporter-output>
        </test-method> <!-- login -->
        <test-method signature="adminClick()[pri:2, instance:com.testCase.AdminTestCase@65ec8b24]" started-at="2021-08-05T15:19:41Z" name="adminClick" finished-at="2021-08-05T15:19:45Z" duration-ms="3327" status="PASS">
          <reporter-output>
          </reporter-output>
        </test-method> <!-- adminClick -->
      </class> <!-- com.testCase.AdminTestCase -->
    </test> <!-- Test -->
  </suite> <!-- Suite -->
</testng-results>
