<?xml version="1.0" encoding="UTF-8"?>
<testsuite xmlns:xsi="http://www.w3.org/2001/XMLSchema-instance" xsi:noNamespaceSchemaLocation="https://maven.apache.org/surefire/maven-surefire-plugin/xsd/surefire-test-report.xsd" name="TestSuite" time="76.327" tests="3" errors="0" skipped="0" failures="0">
  <properties>
[...]
</properties>
  <testcase name="login" classname="com.testCase.LoginTestCase" time="9.432"/>
  <testcase name="login" classname="com.testCase.AdminTestCase" time="6.726"/>
  <testcase name="adminClick" classname="com.testCase.AdminTestCase" time="3.327"/>
</testsuite>