<?xml version="1.0" encoding="UTF-8"?>
<!-- Generated by org.testng.reporters.JUnitXMLReporter -->
<testsuite ignored="0" hostname="admin-PC" failures="0" tests="3" name="Test" time="71.493" errors="0" timestamp="05 Aug 2021 15:19:45 GMT">
  <testcase classname="com.testCase.LoginTestCase" name="login" time="9.43"/>
  <testcase classname="com.testCase.AdminTestCase" name="login" time="6.681"/>
  <testcase classname="com.testCase.AdminTestCase" name="adminClick" time="3.327"/>
</testsuite> <!-- Test -->
