<?xml version="1.0" encoding="UTF-8"?>
<testng-results ignored="0" total="3" passed="3" failed="0" skipped="0">
  <reporter-output>
  </reporter-output>
  <suite started-at="2021-08-07T12:15:21 IST" name="Suite" finished-at="2021-08-07T12:23:23 IST" duration-ms="481309">
    <groups>
    </groups>
    <test started-at="2021-08-07T12:15:21 IST" name="Test" finished-at="2021-08-07T12:23:23 IST" duration-ms="481309">
      <class name="com.testCase.LoginTestCase">
        <test-method is-config="true" signature="stratUp()[pri:0, instance:com.testCase.LoginTestCase@232cce0]" started-at="2021-08-07T12:20:13 IST" name="stratUp" finished-at="2021-08-07T12:21:55 IST" duration-ms="102522" status="PASS">
          <reporter-output>
          </reporter-output>
        </test-method> <!-- stratUp -->
        <test-method signature="login()[pri:0, instance:com.testCase.LoginTestCase@232cce0]" started-at="2021-08-07T12:21:56 IST" name="login" finished-at="2021-08-07T12:22:48 IST" duration-ms="52079" status="PASS">
          <reporter-output>
          </reporter-output>
        </test-method> <!-- login -->
        <test-method is-config="true" signature="close()[pri:0, instance:com.testCase.LoginTestCase@232cce0]" started-at="2021-08-07T12:22:51 IST" name="close" finished-at="2021-08-07T12:22:57 IST" duration-ms="5576" status="PASS">
          <reporter-output>
          </reporter-output>
        </test-method> <!-- close -->
      </class> <!-- com.testCase.LoginTestCase -->
      <class name="com.testCase.AdminTestCase">
        <test-method is-config="true" signature="startup()[pri:0, instance:com.testCase.AdminTestCase@16c8b7bd]" started-at="2021-08-07T12:15:22 IST" name="startup" finished-at="2021-08-07T12:20:13 IST" duration-ms="291118" status="PASS">
          <reporter-output>
          </reporter-output>
        </test-method> <!-- startup -->
        <test-method signature="login()[pri:1, instance:com.testCase.AdminTestCase@16c8b7bd]" started-at="2021-08-07T12:21:56 IST" name="login" finished-at="2021-08-07T12:23:08 IST" duration-ms="71733" status="PASS">
          <reporter-output>
          </reporter-output>
        </test-method> <!-- login -->
        <test-method signature="adminClick()[pri:2, instance:com.testCase.AdminTestCase@16c8b7bd]" started-at="2021-08-07T12:23:08 IST" name="adminClick" finished-at="2021-08-07T12:23:23 IST" duration-ms="14585" status="PASS">
          <reporter-output>
          </reporter-output>
        </test-method> <!-- adminClick -->
      </class> <!-- com.testCase.AdminTestCase -->
    </test> <!-- Test -->
  </suite> <!-- Suite -->
</testng-results>
